<?xml version="1.0" encoding="UTF-8"?>
<!-- Generated by org.testng.reporters.JUnitReportReporter -->
<testsuite hostname="LAPTOP-KHU2JSHE" failures="0" tests="1" name="testSuites.NestedFrameTestClass" time="1.248" errors="0" timestamp="2022-07-05T00:12:25 EET" skipped="0">
  <testcase classname="testSuites.NestedFrameTestClass" name="nestedFrameTextTeest" time="1.248"/>
  <system-out/>
</testsuite> <!-- testSuites.NestedFrameTestClass -->
