<?xml version="1.0" encoding="UTF-8"?>
<!-- Generated by org.testng.reporters.JUnitReportReporter -->
<testsuite hostname="LAPTOP-KHU2JSHE" failures="0" tests="1" name="testSuites.HerokuaPageTest" time="2.070" errors="0" timestamp="2022-07-05T00:12:25 EET" skipped="0">
  <testcase classname="testSuites.HerokuaPageTest" name="CheckCheckboxes" time="2.070"/>
  <system-out/>
</testsuite> <!-- testSuites.HerokuaPageTest -->
