<?xml version="1.0" encoding="UTF-8"?>
<!-- Generated by org.testng.reporters.JUnitReportReporter -->
<testsuite skipped="0" hostname="LAPTOP-KHU2JSHE" name="testannotations.Configuration_Annotation" tests="2" failures="0" timestamp="2022-06-07T02:17:05 EET" time="0.002" errors="0">
  <testcase name="searchProduct" time="0.000" classname="testannotations.Configuration_Annotation"/>
  <system-out/>
  <testcase name="searchCustomer" time="0.002" classname="testannotations.Configuration_Annotation"/>
  <system-out/>
</testsuite> <!-- testannotations.Configuration_Annotation -->
