<?xml version="1.0" encoding="UTF-8"?>
<!-- Generated by org.testng.reporters.JUnitReportReporter -->
<testsuite skipped="0" hostname="LAPTOP-KHU2JSHE" name="priority.DefaultExecutionOrder" tests="3" failures="0" timestamp="2022-06-08T00:25:28 EET" time="18.938" errors="0">
  <testcase name="signIn" time="6.264" classname="priority.DefaultExecutionOrder"/>
  <system-out/>
  <testcase name="searchTShirt" time="8.599" classname="priority.DefaultExecutionOrder"/>
  <system-out/>
  <testcase name="signOut" time="4.075" classname="priority.DefaultExecutionOrder"/>
  <system-out/>
</testsuite> <!-- priority.DefaultExecutionOrder -->
