<?xml version="1.0" encoding="UTF-8"?>
<!-- Generated by org.testng.reporters.JUnitReportReporter -->
<testsuite skipped="0" hostname="LAPTOP-KHU2JSHE" name="testannotations.BM_AM_OrangeHRM" tests="3" failures="0" timestamp="2022-06-07T01:48:05 EET" time="10.615" errors="0">
  <testcase name="signIn" time="4.983" classname="testannotations.BM_AM_OrangeHRM"/>
  <system-out/>
  <testcase name="userSignOut" time="1.824" classname="testannotations.BM_AM_OrangeHRM"/>
  <system-out/>
  <testcase name="userSearch" time="3.808" classname="testannotations.BM_AM_OrangeHRM"/>
  <system-out/>
</testsuite> <!-- testannotations.BM_AM_OrangeHRM -->
