<?xml version="1.0" encoding="UTF-8"?>
<!-- Generated by org.testng.reporters.JUnitReportReporter -->
<testsuite hostname="LAPTOP-KHU2JSHE" failures="0" tests="1" name="testPackage.TestClass" time="2.043" errors="0" timestamp="2022-06-11T13:00:12 EET" skipped="0">
  <testcase classname="testPackage.TestClass" name="testMethod" time="2.043"/>
  <system-out/>
</testsuite> <!-- testPackage.TestClass -->
