<?xml version="1.0" encoding="UTF-8"?>
<!-- Generated by org.testng.reporters.JUnitReportReporter -->
<testsuite skipped="0" hostname="LAPTOP-KHU2JSHE" name="login.LoginTests" tests="1" failures="0" timestamp="2022-06-08T02:46:43 EET" time="1.023" errors="0">
  <testcase name="testSuccessfulLogin" time="1.023" classname="login.LoginTests"/>
  <system-out/>
</testsuite> <!-- login.LoginTests -->
