<?xml version="1.0" encoding="UTF-8"?>
<!-- Generated by org.testng.reporters.JUnitReportReporter -->
<testsuite hostname="LAPTOP-KHU2JSHE" failures="0" tests="1" name="testSuites.W3cTestClass" time="4.258" errors="0" timestamp="2022-07-05T00:12:25 EET" skipped="0">
  <testcase classname="testSuites.W3cTestClass" name="CheckCompanyCounrty" time="4.258"/>
  <system-out/>
</testsuite> <!-- testSuites.W3cTestClass -->
