<?xml version="1.0" encoding="UTF-8"?>
<!-- Generated by org.testng.reporters.JUnitReportReporter -->
<testsuite hostname="LAPTOP-KHU2JSHE" failures="0" tests="1" name="herokuahagetests.HerokuaPageTest" time="5.170" errors="0" timestamp="2022-07-02T15:03:36 EET" skipped="0">
  <testcase classname="herokuahagetests.HerokuaPageTest" name="CheckCheckboxes" time="5.170"/>
  <system-out/>
</testsuite> <!-- herokuahagetests.HerokuaPageTest -->
