<?xml version="1.0" encoding="UTF-8"?>
<!-- Generated by org.testng.reporters.JUnitReportReporter -->
<testsuite skipped="0" hostname="LAPTOP-KHU2JSHE" name="googlepagetests.TitleTest" tests="1" failures="0" timestamp="2022-06-08T23:12:57 EET" time="0.007" errors="0">
  <testcase name="test_title_name" time="0.007" classname="googlepagetests.TitleTest"/>
  <system-out/>
</testsuite> <!-- googlepagetests.TitleTest -->
