<?xml version="1.0" encoding="UTF-8"?>
<!-- Generated by org.testng.reporters.JUnitReportReporter -->
<testsuite hostname="LAPTOP-KHU2JSHE" failures="0" tests="1" name="testSuites.UploadTestClass" time="5.567" errors="0" timestamp="2022-07-05T00:12:25 EET" skipped="0">
  <testcase classname="testSuites.UploadTestClass" name="checkFileUploaded" time="5.567"/>
  <system-out/>
</testsuite> <!-- testSuites.UploadTestClass -->
